Log file open, 02/06/17 17:22:16
LogInit:Display: Running engine for game: SurviveThis
LogPlatformFile: Not using cached read wrapper
LogInit:Display: RandInit(-915404752) SRandInit(-915404751).
LogTaskGraph: Started task graph with 5 named threads and 8 total threads with 1 sets of task threads.
LogStats: Stats thread started at 0.069233
LogPluginManager: Loaded Plugin Paper2D, From C:/Program Files/Epic Games/UE_4.14/Engine/Plugins/2D/Paper2D/Paper2D.uplugin
LogPluginManager: Loaded Plugin LightPropagationVolume, From C:/Program Files/Epic Games/UE_4.14/Engine/Plugins/Blendables/LightPropagationVolume/LightPropagationVolume.uplugin
LogPluginManager: Loaded Plugin BlankPlugin, From C:/Program Files/Epic Games/UE_4.14/Engine/Plugins/Developer/BlankPlugin/BlankPlugin.uplugin
LogPluginManager: Loaded Plugin CodeLiteSourceCodeAccess, From C:/Program Files/Epic Games/UE_4.14/Engine/Plugins/Developer/CodeLiteSourceCodeAccess/CodeLiteSourceCodeAccess.uplugin
LogPluginManager: Loaded Plugin GitSourceControl, From C:/Program Files/Epic Games/UE_4.14/Engine/Plugins/Developer/GitSourceControl/GitSourceControl.uplugin
LogPluginManager: Loaded Plugin KDevelopSourceCodeAccess, From C:/Program Files/Epic Games/UE_4.14/Engine/Plugins/Developer/KDevelopSourceCodeAccess/KDevelopSourceCodeAccess.uplugin
LogPluginManager: Loaded Plugin NullSourceCodeAccess, From C:/Program Files/Epic Games/UE_4.14/Engine/Plugins/Developer/NullSourceCodeAccess/NullSourceCodeAccess.uplugin
LogPluginManager: Loaded Plugin OneSkyLocalizationService, From C:/Program Files/Epic Games/UE_4.14/Engine/Plugins/Developer/OneSkyLocalizationService/OneSkyLocalizationService.uplugin
LogPluginManager: Loaded Plugin PerforceSourceControl, From C:/Program Files/Epic Games/UE_4.14/Engine/Plugins/Developer/PerforceSourceControl/PerforceSourceControl.uplugin
LogPluginManager: Loaded Plugin SubversionSourceControl, From C:/Program Files/Epic Games/UE_4.14/Engine/Plugins/Developer/SubversionSourceControl/SubversionSourceControl.uplugin
LogPluginManager: Loaded Plugin UObjectPlugin, From C:/Program Files/Epic Games/UE_4.14/Engine/Plugins/Developer/UObjectPlugin/UObjectPlugin.uplugin
LogPluginManager: Loaded Plugin VisualStudioSourceCodeAccess, From C:/Program Files/Epic Games/UE_4.14/Engine/Plugins/Developer/VisualStudioSourceCodeAccess/VisualStudioSourceCodeAccess.uplugin
LogPluginManager: Loaded Plugin XCodeSourceCodeAccess, From C:/Program Files/Epic Games/UE_4.14/Engine/Plugins/Developer/XCodeSourceCodeAccess/XCodeSourceCodeAccess.uplugin
LogPluginManager: Loaded Plugin AudioCapture, From C:/Program Files/Epic Games/UE_4.14/Engine/Plugins/Editor/AudioCapture/AudioCapture.uplugin
LogPluginManager: Loaded Plugin EpicSurvey, From C:/Program Files/Epic Games/UE_4.14/Engine/Plugins/Editor/EpicSurvey/EpicSurvey.uplugin
LogPluginManager: Loaded Plugin MacGraphicsSwitching, From C:/Program Files/Epic Games/UE_4.14/Engine/Plugins/Editor/MacGraphicsSwitching/MacGraphicsSwitching.uplugin
LogPluginManager: Loaded Plugin MobileLauncherProfileWizard, From C:/Program Files/Epic Games/UE_4.14/Engine/Plugins/Editor/MobileLauncherProfileWizard/MobileLauncherProfileWizard.uplugin
LogPluginManager: Loaded Plugin PluginBrowser, From C:/Program Files/Epic Games/UE_4.14/Engine/Plugins/Editor/PluginBrowser/PluginBrowser.uplugin
LogPluginManager: Loaded Plugin SpeedTreeImporter, From C:/Program Files/Epic Games/UE_4.14/Engine/Plugins/Editor/SpeedTreeImporter/SpeedTreeImporter.uplugin
LogPluginManager: Loaded Plugin SuperSearchEditor, From C:/Program Files/Epic Games/UE_4.14/Engine/Plugins/Editor/SuperSearchEditor/SuperSearchEditor.uplugin
LogPluginManager: Loaded Plugin AlembicImporter, From C:/Program Files/Epic Games/UE_4.14/Engine/Plugins/Experimental/AlembicImporter/AlembicImporter.uplugin
LogPluginManager: Loaded Plugin BlueprintStats, From C:/Program Files/Epic Games/UE_4.14/Engine/Plugins/Experimental/BlueprintStats/BlueprintStats.uplugin
LogPluginManager: Loaded Plugin CharacterAI, From C:/Program Files/Epic Games/UE_4.14/Engine/Plugins/Experimental/CharacterAI/CharacterAI.uplugin
LogPluginManager: Loaded Plugin CodeEditor, From C:/Program Files/Epic Games/UE_4.14/Engine/Plugins/Experimental/CodeEditor/CodeEditor.uplugin
LogPluginManager: Loaded Plugin CodeView, From C:/Program Files/Epic Games/UE_4.14/Engine/Plugins/Experimental/CodeView/CodeView.uplugin
LogPluginManager: Loaded Plugin HTML5Networking, From C:/Program Files/Epic Games/UE_4.14/Engine/Plugins/Experimental/HTML5Networking/HTML5Networking.uplugin
LogPluginManager: Loaded Plugin OSVR, From C:/Program Files/Epic Games/UE_4.14/Engine/Plugins/Experimental/OSVR/OSVR.uplugin
LogPluginManager: Loaded Plugin Phya, From C:/Program Files/Epic Games/UE_4.14/Engine/Plugins/Experimental/Phya/Phya.uplugin
LogPluginManager: Loaded Plugin SignificanceManager, From C:/Program Files/Epic Games/UE_4.14/Engine/Plugins/Experimental/SignificanceManager/SignificanceManager.uplugin
LogPluginManager: Loaded Plugin SimpleHMD, From C:/Program Files/Epic Games/UE_4.14/Engine/Plugins/Experimental/SimpleHMD/SimpleHMD.uplugin
LogPluginManager: Loaded Plugin StereoPanorama, From C:/Program Files/Epic Games/UE_4.14/Engine/Plugins/Experimental/StereoPanorama/StereoPanorama.uplugin
LogPluginManager: Loaded Plugin StructBox, From C:/Program Files/Epic Games/UE_4.14/Engine/Plugins/Experimental/StructBox/StructBox.uplugin
LogPluginManager: Loaded Plugin AndroidMedia, From C:/Program Files/Epic Games/UE_4.14/Engine/Plugins/Media/AndroidMedia/AndroidMedia.uplugin
LogPluginManager: Loaded Plugin AvfMedia, From C:/Program Files/Epic Games/UE_4.14/Engine/Plugins/Media/AvfMedia/AvfMedia.uplugin
LogPluginManager: Loaded Plugin MediaPlayerEditor, From C:/Program Files/Epic Games/UE_4.14/Engine/Plugins/Media/MediaPlayerEditor/MediaPlayerEditor.uplugin
LogPluginManager: Loaded Plugin WmfMedia, From C:/Program Files/Epic Games/UE_4.14/Engine/Plugins/Media/WmfMedia/WmfMedia.uplugin
LogPluginManager: Loaded Plugin MessagingDebugger, From C:/Program Files/Epic Games/UE_4.14/Engine/Plugins/Messaging/MessagingDebugger/MessagingDebugger.uplugin
LogPluginManager: Loaded Plugin TcpMessaging, From C:/Program Files/Epic Games/UE_4.14/Engine/Plugins/Messaging/TcpMessaging/TcpMessaging.uplugin
LogPluginManager: Loaded Plugin UdpMessaging, From C:/Program Files/Epic Games/UE_4.14/Engine/Plugins/Messaging/UdpMessaging/UdpMessaging.uplugin
LogPluginManager: Loaded Plugin LevelSequenceEditor, From C:/Program Files/Epic Games/UE_4.14/Engine/Plugins/MovieScene/LevelSequenceEditor/LevelSequenceEditor.uplugin
LogPluginManager: Loaded Plugin MatineeToLevelSequence, From C:/Program Files/Epic Games/UE_4.14/Engine/Plugins/MovieScene/MatineeToLevelSequence/MatineeToLevelSequence.uplugin
LogPluginManager: Loaded Plugin NetcodeUnitTest, From C:/Program Files/Epic Games/UE_4.14/Engine/Plugins/NetcodeUnitTest/NetcodeUnitTest/NetcodeUnitTest.uplugin
LogPluginManager: Loaded Plugin NUTUnrealEngine4, From C:/Program Files/Epic Games/UE_4.14/Engine/Plugins/NetcodeUnitTest/NUTUnrealEngine4/NUTUnrealEngine4.uplugin
LogPluginManager: Loaded Plugin OnlineSubsystemGameCircle, From C:/Program Files/Epic Games/UE_4.14/Engine/Plugins/Online/Android/OnlineSubsystemGameCircle/OnlineSubsystemGameCircle.uplugin
LogPluginManager: Loaded Plugin OnlineSubsystemGooglePlay, From C:/Program Files/Epic Games/UE_4.14/Engine/Plugins/Online/Android/OnlineSubsystemGooglePlay/OnlineSubsystemGooglePlay.uplugin
LogPluginManager: Loaded Plugin OnlineSubsystemIOS, From C:/Program Files/Epic Games/UE_4.14/Engine/Plugins/Online/IOS/OnlineSubsystemIOS/OnlineSubsystemIOS.uplugin
LogPluginManager: Loaded Plugin OnlineFramework, From C:/Program Files/Epic Games/UE_4.14/Engine/Plugins/Online/OnlineFramework/OnlineFramework.uplugin
LogPluginManager: Loaded Plugin OnlineSubsystem, From C:/Program Files/Epic Games/UE_4.14/Engine/Plugins/Online/OnlineSubsystem/OnlineSubsystem.uplugin
LogPluginManager: Loaded Plugin OnlineSubsystemAmazon, From C:/Program Files/Epic Games/UE_4.14/Engine/Plugins/Online/OnlineSubsystemAmazon/OnlineSubsystemAmazon.uplugin
LogPluginManager: Loaded Plugin OnlineSubsystemFacebook, From C:/Program Files/Epic Games/UE_4.14/Engine/Plugins/Online/OnlineSubsystemFacebook/OnlineSubsystemFacebook.uplugin
LogPluginManager: Loaded Plugin OnlineSubsystemNull, From C:/Program Files/Epic Games/UE_4.14/Engine/Plugins/Online/OnlineSubsystemNull/OnlineSubsystemNull.uplugin
LogPluginManager: Loaded Plugin OnlineSubsystemOculus, From C:/Program Files/Epic Games/UE_4.14/Engine/Plugins/Online/OnlineSubsystemOculus/OnlineSubsystemOculus.uplugin
LogPluginManager: Loaded Plugin OnlineSubsystemSteam, From C:/Program Files/Epic Games/UE_4.14/Engine/Plugins/Online/OnlineSubsystemSteam/OnlineSubsystemSteam.uplugin
LogPluginManager: Loaded Plugin OnlineSubsystemUtils, From C:/Program Files/Epic Games/UE_4.14/Engine/Plugins/Online/OnlineSubsystemUtils/OnlineSubsystemUtils.uplugin
LogPluginManager: Loaded Plugin IOSTapJoy, From C:/Program Files/Epic Games/UE_4.14/Engine/Plugins/Runtime/Advertising/IOSTapJoy/IOSTapJoy.uplugin
LogPluginManager: Loaded Plugin AnalyticsBlueprintLibrary, From C:/Program Files/Epic Games/UE_4.14/Engine/Plugins/Runtime/Analytics/AnalyticsBlueprintLibrary/AnalyticsBlueprintLibrary.uplugin
LogPluginManager: Loaded Plugin AnalyticsMulticast, From C:/Program Files/Epic Games/UE_4.14/Engine/Plugins/Runtime/Analytics/AnalyticsMulticast/AnalyticsMulticast.uplugin
LogPluginManager: Loaded Plugin Apsalar, From C:/Program Files/Epic Games/UE_4.14/Engine/Plugins/Runtime/Analytics/Apsalar/Apsalar.uplugin
LogPluginManager: Loaded Plugin FileLogging, From C:/Program Files/Epic Games/UE_4.14/Engine/Plugins/Runtime/Analytics/FileLogging/FileLogging.uplugin
LogPluginManager: Loaded Plugin Flurry, From C:/Program Files/Epic Games/UE_4.14/Engine/Plugins/Runtime/Analytics/Flurry/Flurry.uplugin
LogPluginManager: Loaded Plugin AndroidDeviceProfileSelector, From C:/Program Files/Epic Games/UE_4.14/Engine/Plugins/Runtime/AndroidDeviceProfileSelector/AndroidDeviceProfileSelector.uplugin
LogPluginManager: Loaded Plugin AndroidMoviePlayer, From C:/Program Files/Epic Games/UE_4.14/Engine/Plugins/Runtime/AndroidMoviePlayer/AndroidMoviePlayer.uplugin
LogPluginManager: Loaded Plugin AppleMoviePlayer, From C:/Program Files/Epic Games/UE_4.14/Engine/Plugins/Runtime/AppleMoviePlayer/AppleMoviePlayer.uplugin
LogPluginManager: Loaded Plugin ArchVisCharacter, From C:/Program Files/Epic Games/UE_4.14/Engine/Plugins/Runtime/ArchVisCharacter/ArchVisCharacter.uplugin
LogPluginManager: Loaded Plugin CableComponent, From C:/Program Files/Epic Games/UE_4.14/Engine/Plugins/Runtime/CableComponent/CableComponent.uplugin
LogPluginManager: Loaded Plugin CustomMeshComponent, From C:/Program Files/Epic Games/UE_4.14/Engine/Plugins/Runtime/CustomMeshComponent/CustomMeshComponent.uplugin
LogPluginManager: Loaded Plugin ExampleDeviceProfileSelector, From C:/Program Files/Epic Games/UE_4.14/Engine/Plugins/Runtime/ExampleDeviceProfileSelector/ExampleDeviceProfileSelector.uplugin
LogPluginManager: Loaded Plugin GearVR, From C:/Program Files/Epic Games/UE_4.14/Engine/Plugins/Runtime/GearVR/GearVR.uplugin
LogPluginManager: Loaded Plugin GoogleVRController, From C:/Program Files/Epic Games/UE_4.14/Engine/Plugins/Runtime/GoogleVR/GoogleVRController/GoogleVRController.uplugin
LogPluginManager: Loaded Plugin GoogleVRHMD, From C:/Program Files/Epic Games/UE_4.14/Engine/Plugins/Runtime/GoogleVR/GoogleVRHMD/GoogleVRHMD.uplugin
LogPluginManager: Loaded Plugin IOSDeviceProfileSelector, From C:/Program Files/Epic Games/UE_4.14/Engine/Plugins/Runtime/IOSDeviceProfileSelector/IOSDeviceProfileSelector.uplugin
LogPluginManager: Loaded Plugin LeapMotion, From C:/Program Files/Epic Games/UE_4.14/Engine/Plugins/Runtime/LeapMotion/LeapMotion.uplugin
LogPluginManager: Loaded Plugin LinuxDeviceProfileSelector, From C:/Program Files/Epic Games/UE_4.14/Engine/Plugins/Runtime/LinuxDeviceProfileSelector/LinuxDeviceProfileSelector.uplugin
LogPluginManager: Loaded Plugin MIDIDevice, From C:/Program Files/Epic Games/UE_4.14/Engine/Plugins/Runtime/MIDIDevice/MIDIDevice.uplugin
LogPluginManager: Loaded Plugin MobilePatchingUtils, From C:/Program Files/Epic Games/UE_4.14/Engine/Plugins/Runtime/MobilePatchingUtils/MobilePatchingUtils.uplugin
LogPluginManager: Loaded Plugin Ansel, From C:/Program Files/Epic Games/UE_4.14/Engine/Plugins/Runtime/Nvidia/Ansel/Ansel.uplugin
LogPluginManager: Loaded Plugin OculusAudio, From C:/Program Files/Epic Games/UE_4.14/Engine/Plugins/Runtime/OculusAudio/OculusAudio.uplugin
LogPluginManager: Loaded Plugin OculusInput, From C:/Program Files/Epic Games/UE_4.14/Engine/Plugins/Runtime/OculusInput/OculusInput.uplugin
LogPluginManager: Loaded Plugin OculusLibrary, From C:/Program Files/Epic Games/UE_4.14/Engine/Plugins/Runtime/OculusLibrary/OculusLibrary.uplugin
LogPluginManager: Loaded Plugin OculusRift, From C:/Program Files/Epic Games/UE_4.14/Engine/Plugins/Runtime/OculusRift/OculusRift.uplugin
LogPluginManager: Loaded Plugin Oodle, From C:/Program Files/Epic Games/UE_4.14/Engine/Plugins/Runtime/PacketHandlers/CompressionComponents/Oodle/Oodle.uplugin
LogPluginManager: Loaded Plugin ProceduralMeshComponent, From C:/Program Files/Epic Games/UE_4.14/Engine/Plugins/Runtime/ProceduralMeshComponent/ProceduralMeshComponent.uplugin
LogPluginManager: Loaded Plugin SoundMod, From C:/Program Files/Epic Games/UE_4.14/Engine/Plugins/Runtime/SoundMod/SoundMod.uplugin
LogPluginManager: Loaded Plugin SoundVisualizations, From C:/Program Files/Epic Games/UE_4.14/Engine/Plugins/Runtime/SoundVisualizations/SoundVisualizations.uplugin
LogPluginManager: Loaded Plugin SteamController, From C:/Program Files/Epic Games/UE_4.14/Engine/Plugins/Runtime/Steam/SteamController/SteamController.uplugin
LogPluginManager: Loaded Plugin SteamVR, From C:/Program Files/Epic Games/UE_4.14/Engine/Plugins/Runtime/Steam/SteamVR/SteamVR.uplugin
LogPluginManager: Loaded Plugin WebBrowserWidget, From C:/Program Files/Epic Games/UE_4.14/Engine/Plugins/Runtime/WebBrowserWidget/WebBrowserWidget.uplugin
LogPluginManager: Loaded Plugin WindowsDeviceProfileSelector, From C:/Program Files/Epic Games/UE_4.14/Engine/Plugins/Runtime/WindowsDeviceProfileSelector/WindowsDeviceProfileSelector.uplugin
LogPluginManager: Loaded Plugin WindowsMoviePlayer, From C:/Program Files/Epic Games/UE_4.14/Engine/Plugins/Runtime/WindowsMoviePlayer/WindowsMoviePlayer.uplugin
LogPluginManager: Loaded Plugin ScriptPlugin, From C:/Program Files/Epic Games/UE_4.14/Engine/Plugins/ScriptPlugin/ScriptPlugin.uplugin
LogPluginManager: Loaded Plugin SlateRemote, From C:/Program Files/Epic Games/UE_4.14/Engine/Plugins/Slate/SlateRemote/SlateRemote.uplugin
LogPluginManager: Loaded Plugin EditorTests, From C:/Program Files/Epic Games/UE_4.14/Engine/Plugins/Tests/EditorTests/EditorTests.uplugin
LogPluginManager: Loaded Plugin FbxAutomationTestBuilder, From C:/Program Files/Epic Games/UE_4.14/Engine/Plugins/Tests/FbxAutomationTestBuilder/FbxAutomationTestBuilder.uplugin
LogPluginManager: Loaded Plugin FunctionalTestingEditor, From C:/Program Files/Epic Games/UE_4.14/Engine/Plugins/Tests/FunctionalTestingEditor/FunctionalTestingEditor.uplugin
LogPluginManager: Loaded Plugin RuntimeTests, From C:/Program Files/Epic Games/UE_4.14/Engine/Plugins/Tests/RuntimeTests/RuntimeTests.uplugin
LogPluginManager: Loaded Plugin ScreenshotTools, From C:/Program Files/Epic Games/UE_4.14/Engine/Plugins/Tests/ScreenshotTools/ScreenshotTools.uplugin
LogInit: Using libcurl 7.47.1
LogInit:  - built for x86_64-pc-win32
LogInit:  - supports SSL with OpenSSL/1.0.2g
LogInit:  - supports HTTP deflate (compression) using libz 1.2.8
LogInit:  - other features:
LogInit:      CURL_VERSION_SSL
LogInit:      CURL_VERSION_LIBZ
LogInit:      CURL_VERSION_IPV6
LogInit:      CURL_VERSION_ASYNCHDNS
LogInit:      CURL_VERSION_LARGEFILE
LogInit:      CURL_VERSION_IDN
LogInit:  CurlRequestOptions (configurable via config and command line):
LogInit:  - bVerifyPeer = false  - Libcurl will NOT verify peer certificate
LogInit:  - bUseHttpProxy = false  - Libcurl will NOT use HTTP proxy
LogInit:  - bDontReuseConnections = false  - Libcurl will reuse connections
LogInit:  - CertBundlePath = nullptr  - Libcurl will use whatever was configured at build time.
OCULUS: Info: [CAPI] LibOVR module is located at C:\Program Files\Oculus\Support\oculus-runtime\LibOVRRT64_1.dll
OCULUS: Debug: Connected to the server running version (prod = 1).1.11.0(build = 335772) feature version = 0. Client runs version (prod = 1).1.11.0(build = 335772) feature version = 0
OCULUS: Debug: [HMDState] Using default profile default
OCULUS: Info: IAD changed to 62.0mm
OCULUS: Debug: [SharedMemory] Creating factory
LogInit: Build: ++UE4+Release-4.14-CL-3249277
LogInit: Engine Version: 4.14.3-3249277+++UE4+Release-4.14
LogInit: Compatible Engine Version: 4.14.0-3195953+++UE4+Release-4.14
LogInit: Net CL: 3195953
LogDevObjectVersion: Number of dev versions registered: 13
LogDevObjectVersion:   Dev-Blueprints (B0D832E4-1F89-4F0D-ACCF-7EB736FD4AA2): 7
LogDevObjectVersion:   Dev-Build (E1C64328-A22C-4D53-A36C-8E866417BD8C): 0
LogDevObjectVersion:   Dev-Core (375EC13C-06E4-48FB-B500-84F0262A717E): 1
LogDevObjectVersion:   Dev-Editor (E4B068ED-F494-42E9-A231-DA0B2E46BB41): 8
LogDevObjectVersion:   Dev-Framework (CFFC743F-43B0-4480-9391-14DF171D2073): 17
LogDevObjectVersion:   Dev-Mobile (B02B49B5-BB20-44E9-A304-32B752E40360): 0
LogDevObjectVersion:   Dev-Networking (A4E4105C-59A1-49B5-A7C5-40C4547EDFEE): 0
LogDevObjectVersion:   Dev-Online (39C831C9-5AE6-47DC-9A44-9C173E1C8E7C): 0
LogDevObjectVersion:   Dev-Physics (78F01B33-EBEA-4F98-B9B4-84EACCB95AA2): 0
LogDevObjectVersion:   Dev-Platform (6631380F-2D4D-43E0-8009-CF276956A95A): 0
LogDevObjectVersion:   Dev-Rendering (12F88B9F-8875-4AFC-A67C-D90C383ABD29): 12
LogDevObjectVersion:   Dev-Sequencer (7B5AE74C-D270-4C10-A958-57980B212A5A): 1
LogDevObjectVersion:   Dev-VR (D7296918-1DD6-4BDD-9DE2-64A83CC13884): 0
LogInit: Compiled (64-bit): Jan  6 2017 10:49:43
LogInit: Compiled with Visual C++: 19.00.23026.00
LogInit: Build Configuration: Development
LogInit: Branch Name: ++UE4+Release-4.14
LogInit: Command line: -EpicPortal 
LogInit: Base directory: C:/Program Files/Epic Games/UE_4.14/Engine/Binaries/Win64/
LogInit: Installed Engine Build: 1
LogInit: Presizing for max 8388607 objects, including 0 objects not considered by GC, pre-allocating 0 bytes for permanent pool.
LogInit: Object subsystem initialized
[2017.02.07-01.22.16:450][  0]LogInit: Selected Device Profile: [Windows]
[2017.02.07-01.22.16:450][  0]LogInit: Applying CVar settings loaded from the selected device profile: [Windows]
[2017.02.07-01.22.16:462][  0]LogInit: Computer: DESKTOP-MK2VVNK
[2017.02.07-01.22.16:462][  0]LogInit: User: pjlos
[2017.02.07-01.22.16:462][  0]LogInit: CPU Page size=65536, Cores=4
[2017.02.07-01.22.16:462][  0]LogInit: High frequency timer resolution =4.101563 MHz
[2017.02.07-01.22.16:463][  0]LogMemory: Memory total: Physical=15.9GB (16GB approx)
[2017.02.07-01.22.16:463][  0]LogMemory: Platform Memory Stats for Windows
[2017.02.07-01.22.16:463][  0]LogMemory: Process Physical Memory: 270.14 MB used, 270.14 MB peak
[2017.02.07-01.22.16:463][  0]LogMemory: Process Virtual Memory: 266.20 MB used, 266.20 MB peak
[2017.02.07-01.22.16:463][  0]LogMemory: Physical Memory: 12766.06 MB used,  3547.03 MB free, 16313.09 MB total
[2017.02.07-01.22.16:463][  0]LogMemory: Virtual Memory: 718.55 MB used,  3547.03 MB free, 134217728.00 MB total
[2017.02.07-01.22.16:483][  0]LogTextLocalizationManager: No specific translations for ('en-US') exist, so ('en') translations will be used.
[2017.02.07-01.22.16:886][  0]LogD3D11RHI: D3D11 adapters:
[2017.02.07-01.22.17:256][  0]LogD3D11RHI:    0. 'NVIDIA GeForce GTX 1080' (Feature Level 11_0)
[2017.02.07-01.22.17:256][  0]LogD3D11RHI:       8110/0/8156 MB DedicatedVideo/DedicatedSystem/SharedSystem, Outputs:2, VendorId:0x10de
[2017.02.07-01.22.17:257][  0]LogD3D11RHI:    1. 'Microsoft Basic Render Driver' (Feature Level 11_0)
[2017.02.07-01.22.17:257][  0]LogD3D11RHI:       0/0/8156 MB DedicatedVideo/DedicatedSystem/SharedSystem, Outputs:0, VendorId:0x1414
[2017.02.07-01.22.17:257][  0]LogD3D11RHI: Chosen D3D11 Adapter: 0
[2017.02.07-01.22.17:260][  0]LogD3D11RHI: Creating new Direct3DDevice
[2017.02.07-01.22.17:261][  0]LogD3D11RHI:     GPU DeviceId: 0x1b80 (for the marketing name, search the web for "GPU Device Id")
[2017.02.07-01.22.17:261][  0]LogWindows: EnumDisplayDevices:
[2017.02.07-01.22.17:261][  0]LogWindows:    0. 'NVIDIA GeForce GTX 1080' (P:0 D:1)
[2017.02.07-01.22.17:261][  0]LogWindows:    1. 'NVIDIA GeForce GTX 1080' (P:1 D:1)
[2017.02.07-01.22.17:261][  0]LogWindows:    2. 'NVIDIA GeForce GTX 1080' (P:0 D:0)
[2017.02.07-01.22.17:261][  0]LogWindows:    3. 'NVIDIA GeForce GTX 1080' (P:0 D:0)
[2017.02.07-01.22.17:261][  0]LogWindows: DebugString: FoundDriverCount:4 
[2017.02.07-01.22.17:261][  0]LogD3D11RHI:     Adapter Name: NVIDIA GeForce GTX 1080
[2017.02.07-01.22.17:261][  0]LogD3D11RHI:   Driver Version: 378.49 (internal:21.21.13.7849, unified:378.49)
[2017.02.07-01.22.17:261][  0]LogD3D11RHI:      Driver Date: 1-20-2017
[2017.02.07-01.22.17:261][  0]LogRHI: Texture pool is 1361 MB (70% of 1945 MB)
[2017.02.07-01.22.17:613][  0]LogD3D11RHI: Async texture creation enabled
[2017.02.07-01.22.17:635][  0]LogD3D11RHI: GPU Timing Frequency: 1000.000000 (Debug: 2 1)
[2017.02.07-01.22.17:635][  0]LogShaderCompilers: Guid format shader working directory is -34 characters bigger than the processId version (../../../../../../Users/pjlos/Documents/Unreal Projects/SurviveThis-UnrealEngine/Intermediate/Shaders/WorkingDirectory/6488/).
[2017.02.07-01.22.17:635][  0]LogShaderCompilers: Cleaned the shader compiler working directory 'C:/Users/pjlos/AppData/Local/Temp/UnrealShaderWorkingDir/4A4FF7EF4AB15698678C75A08527B77A/'.
[2017.02.07-01.22.17:635][  0]LogShaderCompilers:Display: Using Local Shader Compiler.
[2017.02.07-01.22.18:393][  0]LogTemp:Display: Loaded TP AllDesktopTargetPlatform
[2017.02.07-01.22.18:435][  0]LogTemp:Display: Loaded TP MacClientTargetPlatform
[2017.02.07-01.22.18:467][  0]LogTemp:Display: Loaded TP MacNoEditorTargetPlatform
[2017.02.07-01.22.18:505][  0]LogTemp:Display: Loaded TP MacServerTargetPlatform
[2017.02.07-01.22.18:538][  0]LogTemp:Display: Loaded TP MacTargetPlatform
[2017.02.07-01.22.18:573][  0]LogTemp:Display: Loaded TP WindowsClientTargetPlatform
[2017.02.07-01.22.18:616][  0]LogTemp:Display: Loaded TP WindowsNoEditorTargetPlatform
[2017.02.07-01.22.18:655][  0]LogTemp:Display: Loaded TP WindowsServerTargetPlatform
[2017.02.07-01.22.18:684][  0]LogTemp:Display: Loaded TP WindowsTargetPlatform
[2017.02.07-01.22.18:718][  0]LogTemp:Display: Loaded TP AndroidTargetPlatform
[2017.02.07-01.22.18:760][  0]LogTemp:Display: Loaded TP Android_ASTCTargetPlatform
[2017.02.07-01.22.18:801][  0]LogTemp:Display: Loaded TP Android_ATCTargetPlatform
[2017.02.07-01.22.18:837][  0]LogTemp:Display: Loaded TP Android_DXTTargetPlatform
[2017.02.07-01.22.18:876][  0]LogTemp:Display: Loaded TP Android_ETC1TargetPlatform
[2017.02.07-01.22.18:908][  0]LogTemp:Display: Loaded TP Android_ETC2TargetPlatform
[2017.02.07-01.22.18:983][  0]LogTemp:Display: Loaded TP Android_MultiTargetPlatform
[2017.02.07-01.22.18:983][  0]LogTemp:Display: Loaded TP Android_PVRTCTargetPlatform
[2017.02.07-01.22.19:010][  0]LogTemp:Display: Loaded TP HTML5TargetPlatform
[2017.02.07-01.22.19:071][  0]LogTemp:Display: Loaded TP IOSTargetPlatform
[2017.02.07-01.22.19:094][  0]LogTemp:Display: Loaded TP TVOSTargetPlatform
[2017.02.07-01.22.19:126][  0]LogTemp:Display: Loaded TP LinuxClientTargetPlatform
[2017.02.07-01.22.19:161][  0]LogTemp:Display: Loaded TP LinuxNoEditorTargetPlatform
[2017.02.07-01.22.19:198][  0]LogTemp:Display: Loaded TP LinuxServerTargetPlatform
[2017.02.07-01.22.19:239][  0]LogTemp:Display: Loaded TP LinuxTargetPlatform
[2017.02.07-01.22.19:239][  0]LogTargetPlatformManager:Display: Building Assets For Windows
[2017.02.07-01.22.19:504][  0]LogDerivedDataCache:Display: Max Cache Size: 512 MB
[2017.02.07-01.22.19:536][  0]LogDerivedDataCache: Loaded boot cache 0.03s 50MB C:/Users/pjlos/AppData/Local/UnrealEngine/4.14/DerivedDataCache/Boot.ddc.
[2017.02.07-01.22.19:536][  0]LogDerivedDataCache:Display: Loaded Boot cache: C:/Users/pjlos/AppData/Local/UnrealEngine/4.14/DerivedDataCache/Boot.ddc
[2017.02.07-01.22.19:536][  0]LogDerivedDataCache: FDerivedDataBackendGraph:  Pak pak cache file ../../../../../../Users/pjlos/Documents/Unreal Projects/SurviveThis-UnrealEngine/DerivedDataCache/DDC.ddp not found, will not use a pak cache.
[2017.02.07-01.22.19:536][  0]LogDerivedDataCache: Unable to find inner node Pak for hierarchical cache Hierarchy.
[2017.02.07-01.22.19:536][  0]LogDerivedDataCache: FDerivedDataBackendGraph:  CompressedPak pak cache file ../../../../../../Users/pjlos/Documents/Unreal Projects/SurviveThis-UnrealEngine/DerivedDataCache/Compressed.ddp not found, will not use a pak cache.
[2017.02.07-01.22.19:536][  0]LogDerivedDataCache: Unable to find inner node CompressedPak for hierarchical cache Hierarchy.
[2017.02.07-01.22.19:547][  0]LogDerivedDataCache:Display: Pak cache opened for reading ../../../Engine/DerivedDataCache/Compressed.ddp.
[2017.02.07-01.22.19:558][  0]LogDerivedDataCache: Using Local data cache path C:/Users/pjlos/AppData/Local/UnrealEngine/Common/DerivedDataCache: Writable
[2017.02.07-01.22.19:695][  0]LogInit: Selected Device Profile: [Windows]
[2017.02.07-01.22.19:697][  0]LogContentStreaming: Texture pool size is 0.00 MB
[2017.02.07-01.22.19:840][  0]LogMeshUtilities: Using QuadricMeshReduction for automatic static mesh reduction
[2017.02.07-01.22.19:875][  0]LogSimplygon: Simplygon DLL not present - disabling.
[2017.02.07-01.22.19:924][  0]LogMeshUtilities: Using SimplygonSwarm for distributed automatic mesh merging
[2017.02.07-01.22.19:924][  0]LogMeshUtilities: No automatic skeletal mesh reduction module available
[2017.02.07-01.22.19:924][  0]LogMeshUtilities: No automatic mesh merging module available
[2017.02.07-01.22.20:249][  0]LogNetVersion: GetLocalNetworkVersion: CL: 3195953, ProjectName: survivethis, ProjectVersion: , EngineNetworkVersion: 2, GameNetworkVersion: 0, NetworkChecksum: 277869308
[2017.02.07-01.22.20:298][  0]LogAssetRegistry: FAssetRegistry took 0.0213 seconds to start up
[2017.02.07-01.22.20:333][  0]LogPackageLocalizationCache: Processed 3 localized package path(s) for 2 prioritized culture(s) in 0.018457 seconds
[2017.02.07-01.22.20:337][  0]LogUObjectArray: 31946 objects as part of root set at end of initial load.
[2017.02.07-01.22.20:337][  0]LogUObjectAllocator: 6935848 out of 0 bytes used by permanent object pool.
[2017.02.07-01.22.20:337][  0]LogUObjectArray: CloseDisregardForGC: 0/0 objects in disregard for GC pool
[2017.02.07-01.22.20:375][  0]LogInit: WinSock: version 1.1 (2.2), MaxSocks=32767, MaxUdp=65467
[2017.02.07-01.22.20:892][  0]LogSlate: Using Freetype 2.6.0
[2017.02.07-01.22.20:893][  0]LogSlate: SlateFontCache - WITH_FREETYPE: 1, WITH_HARFBUZZ: 1
[2017.02.07-01.22.20:893][  0]LogSlate: SlateFontCache - WITH_FREETYPE: 1, WITH_HARFBUZZ: 1
[2017.02.07-01.22.21:420][  0]LogTcpMessaging: Initializing TcpMessaging bridge
[2017.02.07-01.22.21:454][  0]LogUdpMessaging: Initializing bridge on interface 0.0.0.0:0 to multicast group 230.0.0.1:6666.
[2017.02.07-01.22.21:666][  0]LogMaterial: Uniform references updated for custom material expression Custom.
[2017.02.07-01.22.21:916][  0]SourceControl: Info Source control is disabled
[2017.02.07-01.22.21:933][  0]SourceControl: Info Source control is disabled
[2017.02.07-01.22.21:960][  0]SourceControl: Info Source control is disabled
[2017.02.07-01.22.21:992][  0]SourceControl: Info Source control is disabled
[2017.02.07-01.22.22:817][  0]LogEngine: Initializing Engine...
[2017.02.07-01.22.22:817][  0]LogHMD: Oculus plugin initialized. Version: 4.14.3-3249277+++UE4+Release-4.14, LibOVR: 1.11.0, SDK: 1.8.0, built Jan  6 2017, 10:50:26
[2017.02.07-01.22.22:901][  0]OCULUS: Debug: [HMDState] Using default profile default
[2017.02.07-01.22.22:901][  0]OCULUS: Info: IAD changed to 62.0mm
[2017.02.07-01.22.22:976][  0]LogAIModule: Creating AISystem for world Untitled
[2017.02.07-01.22.23:000][  0]LogInit: XAudio2 using 'Speakers (High Definition Audio Device)' : 2 channels at 44.1 kHz using 16 bits per sample (channel mask 0x3)
[2017.02.07-01.22.23:013][  0]LogInit: FAudioDevice initialized.
[2017.02.07-01.22.23:029][  0]LogDerivedDataCache: Saved boot cache 0.02s 50MB C:/Users/pjlos/AppData/Local/UnrealEngine/4.14/DerivedDataCache/Boot.ddc.
[2017.02.07-01.22.23:034][  0]LogInit: Texture streaming: Enabled
[2017.02.07-01.22.23:157][  0]LogInit: Transaction tracking system initialized
[2017.02.07-01.22.23:384][  0]BlueprintLog: New page: Editor Load
[2017.02.07-01.22.23:960][  0]LocalizationService: Info Localization service is disabled
[2017.02.07-01.22.24:415][  0]LogConsoleResponse:Display: 
[2017.02.07-01.22.24:517][  0]LogCook:Display: Max memory allowance for cook 16384mb min free memory 0mb
[2017.02.07-01.22.24:517][  0]LogCook:Display: Mobile HDR setting 1
[2017.02.07-01.22.25:143][  0]LogFileCache: Scanning file cache for directory 'C:/Users/pjlos/Documents/Unreal Projects/SurviveThis-UnrealEngine/Content/' took 0.02s
[2017.02.07-01.22.25:143][  0]SourceControl: Info Source control is disabled
[2017.02.07-01.22.56:302][  0]LogWindowsTextInputMethodSystem:Display: IME system now deactivated.
[2017.02.07-01.22.56:308][  0]LogWindowsTextInputMethodSystem:Display: IME system now deactivated.
[2017.02.07-01.22.56:309][  0]Cmd: MAP LOAD FILE="../../../../../../Users/pjlos/Documents/Unreal Projects/SurviveThis-UnrealEngine/Content/FirstPersonBP/Maps/FirstPersonExampleMap.umap" TEMPLATE=0 SHOWPROGRESS=1 FEATURELEVEL=3
[2017.02.07-01.22.56:309][  0]LightingResults: New page: Lighting Build
[2017.02.07-01.22.56:344][  0]MapCheck: New page: Map Check
[2017.02.07-01.22.56:345][  0]LightingResults: New page: Lighting Build
[2017.02.07-01.22.56:800][  0]LogAIModule: Creating AISystem for world FirstPersonExampleMap
[2017.02.07-01.22.56:813][  0]LogEditorServer: Finished looking for orphan Actors (0.000 secs)
[2017.02.07-01.22.56:814][  0]Cmd: MAP CHECKDEP NOCLEARLOG
[2017.02.07-01.22.56:845][  0]MapCheck: Info Map check complete: 0 Error(s), 0 Warning(s), took 30.348ms to complete.
[2017.02.07-01.22.56:845][  0]LogFileHelpers: Loading map 'FirstPersonExampleMap' took 0.536
[2017.02.07-01.22.56:943][  0]LogStats:Warning: MetaData mismatch. Did you assign a stat to two groups? New //STATGROUP_Threads//SplashScreenThread///Thread_4204_0///####STATCAT_Advanced#### old //STATGROUP_Threads//SplashScreenThread///Thread_2f24_0///####STATCAT_Advanced####
[2017.02.07-01.22.56:943][  0]LogCollectionManager: Loaded 0 collections in 0.001133 seconds
[2017.02.07-01.22.57:018][  0]LogFileCache: Scanning file cache for directory 'C:/Users/pjlos/Documents/Unreal Projects/SurviveThis-UnrealEngine/Saved/Collections/' took 0.01s
[2017.02.07-01.22.57:018][  0]LogFileCache: Scanning file cache for directory 'C:/Users/pjlos/Documents/Unreal Projects/SurviveThis-UnrealEngine/Content/Developers/pjlos/Collections/' took 0.01s
[2017.02.07-01.22.57:018][  0]LogFileCache: Scanning file cache for directory 'C:/Users/pjlos/Documents/Unreal Projects/SurviveThis-UnrealEngine/Content/Collections/' took 0.01s
[2017.02.07-01.22.57:018][  0]LogCollectionManager: Rebuilt the GUID cache for 0 collections in 0.000001 seconds
[2017.02.07-01.22.57:026][  0]LogContentBrowser: Native class hierarchy populated in 0.0066 seconds. Added 2190 classes and 428 folders.
[2017.02.07-01.22.57:055][  0]LogStats: UGameplayTagsManager::ConstructGameplayTagTree: Construct from data asset -  0.000 s
[2017.02.07-01.22.57:055][  0]LogStats: UGameplayTagsManager::ConstructGameplayTagTree: GameplayTagTreeChangedEvent.Broadcast -  0.000 s
[2017.02.07-01.22.57:056][  0]LogContentBrowser: Native class hierarchy updated for 'GameplayTags' in 0.0003 seconds. Added 13 classes and 0 folders.
[2017.02.07-01.22.57:097][  0]LogContentBrowser: Native class hierarchy updated for 'WidgetCarousel' in 0.0004 seconds. Added 0 classes and 0 folders.
[2017.02.07-01.22.57:273][  0]LogContentBrowser: Native class hierarchy updated for 'AddContentDialog' in 0.0003 seconds. Added 0 classes and 0 folders.
[2017.02.07-01.22.57:307][  0]LogContentBrowser: Native class hierarchy updated for 'SceneOutliner' in 0.0004 seconds. Added 1 classes and 2 folders.
[2017.02.07-01.22.57:358][  0]LogCrashTracker: Crashtracker disabled due to settings.
[2017.02.07-01.22.57:365][  0]LogUObjectGlobals:Warning: Failed to find object 'Class None.'
[2017.02.07-01.22.57:412][  0]LogContentBrowser: Native class hierarchy updated for 'HierarchicalLODOutliner' in 0.0003 seconds. Added 1 classes and 2 folders.
[2017.02.07-01.22.57:413][  0]LogLoad: (Engine Initialization) Total time: 42.12 seconds
[2017.02.07-01.22.57:413][  0]LogLoad: (Engine Initialization) Total Blueprint compile time: 0.15 seconds
[2017.02.07-01.22.57:413][  0]LogExternalProfiler: Found external profiler: VSPerf
[2017.02.07-01.22.57:413][  0]LogExternalProfiler: Using external profiler: VSPerf
[2017.02.07-01.22.57:422][  0]LogOcInput: OculusInput pre-init called
[2017.02.07-01.22.57:429][  0]LogOcInput: OculusInput is initialized. Init status 0. Runtime version: 1.11.0
[2017.02.07-01.22.57:444][  0]LogAssetRegistry: Asset discovery search completed in 37.1680 seconds
[2017.02.07-01.22.57:444][  0]LogCollectionManager: Rebuilt the object cache for 0 collections in 0.000000 seconds (found 0 objects)
[2017.02.07-01.22.57:444][  0]LogCollectionManager: Fixed up redirectors for 0 collections in 0.000009 seconds (updated 0 objects)
[2017.02.07-01.22.57:447][  0]LogContentStreaming: Texture pool size now 1000 MB
[2017.02.07-01.22.57:600][  0]LogRenderer: Reallocating scene render targets to support 1940x1192 NumSamples 1 (Frame:2).
[2017.02.07-01.23.12:899][824]LogBlueprintUserMessages: Early PlayInEditor Detection: Level '/Game/FirstPersonBP/Maps/FirstPersonExampleMap.FirstPersonExampleMap:PersistentLevel' has LevelScriptBlueprint '/Game/FirstPersonBP/Maps/FirstPersonExampleMap.FirstPersonExampleMap:PersistentLevel.FirstPersonExampleMap' with GeneratedClass '/Game/FirstPersonBP/Maps/FirstPersonExampleMap.FirstPersonExampleMap_C' with ClassGeneratedBy '/Game/FirstPersonBP/Maps/FirstPersonExampleMap.FirstPersonExampleMap:PersistentLevel.FirstPersonExampleMap'
[2017.02.07-01.23.12:899][824]LogPlayLevel: PlayLevel: No blueprints needed recompiling
[2017.02.07-01.23.12:903][824]OCULUS: Debug: [HMDState] Using default profile default
[2017.02.07-01.23.12:903][824]OCULUS: Info: IAD changed to 62.0mm
[2017.02.07-01.23.12:903][824]LogHMD: New ovr session is created
[2017.02.07-01.23.12:903][824]LogHMD: HMD Oculus Rift CV1, res = 2160 x 1200
[2017.02.07-01.23.12:904][824]PIE: New page: PIE session: FirstPersonExampleMap (Feb 6, 2017, 9:23:12 AM)
[2017.02.07-01.23.12:904][824]LogPlayLevel: Creating play world package: /Game/FirstPersonBP/Maps/UEDPIE_0_FirstPersonExampleMap
[2017.02.07-01.23.12:919][824]LogPlayLevel: PIE: StaticDuplicateObject took: (0.015641s)
[2017.02.07-01.23.12:920][824]LogAIModule: Creating AISystem for world FirstPersonExampleMap
[2017.02.07-01.23.12:920][824]LogPlayLevel: PIE: World Init took: (0.000999s)
[2017.02.07-01.23.12:920][824]LogPlayLevel: PIE: Created PIE world by copying editor world from /Game/FirstPersonBP/Maps/FirstPersonExampleMap.FirstPersonExampleMap to /Game/FirstPersonBP/Maps/UEDPIE_0_FirstPersonExampleMap.FirstPersonExampleMap (0.016847s)
[2017.02.07-01.23.12:951][824]LogInit: XAudio2 using 'Speakers (High Definition Audio Device)' : 2 channels at 44.1 kHz using 16 bits per sample (channel mask 0x3)
[2017.02.07-01.23.12:957][824]LogInit: FAudioDevice initialized.
[2017.02.07-01.23.13:002][824]LogLoad: Game class is 'FirstPersonGameMode_C'
[2017.02.07-01.23.13:005][824]LogWorld: Bringing World /Game/FirstPersonBP/Maps/UEDPIE_0_FirstPersonExampleMap.FirstPersonExampleMap up for play (max tick rate 0) at 2017.02.06-17.23.13
[2017.02.07-01.23.13:005][824]LogWorld: Bringing up level for play took: 0.001693
[2017.02.07-01.23.13:033][824]LogContentBrowser: Native class hierarchy updated for 'MovieSceneCapture' in 0.0003 seconds. Added 11 classes and 0 folders.
[2017.02.07-01.23.13:036][824]PIE: Info Play in editor start time for /Game/FirstPersonBP/Maps/UEDPIE_0_FirstPersonExampleMap 1.067
[2017.02.07-01.23.13:037][824]LogBlueprintUserMessages: Late PlayInEditor Detection: Level '/Game/FirstPersonBP/Maps/FirstPersonExampleMap.FirstPersonExampleMap:PersistentLevel' has LevelScriptBlueprint '/Game/FirstPersonBP/Maps/FirstPersonExampleMap.FirstPersonExampleMap:PersistentLevel.FirstPersonExampleMap' with GeneratedClass '/Game/FirstPersonBP/Maps/FirstPersonExampleMap.FirstPersonExampleMap_C' with ClassGeneratedBy '/Game/FirstPersonBP/Maps/FirstPersonExampleMap.FirstPersonExampleMap:PersistentLevel.FirstPersonExampleMap'
[2017.02.07-01.23.17:460][351]LogBlueprintUserMessages: Early EndPlayMap Detection: Level '/Game/FirstPersonBP/Maps/FirstPersonExampleMap.FirstPersonExampleMap:PersistentLevel' has LevelScriptBlueprint '/Game/FirstPersonBP/Maps/FirstPersonExampleMap.FirstPersonExampleMap:PersistentLevel.FirstPersonExampleMap' with GeneratedClass '/Game/FirstPersonBP/Maps/FirstPersonExampleMap.FirstPersonExampleMap_C' with ClassGeneratedBy '/Game/FirstPersonBP/Maps/FirstPersonExampleMap.FirstPersonExampleMap:PersistentLevel.FirstPersonExampleMap'
[2017.02.07-01.23.17:461][351]LogHMD: Destroying ovr session
[2017.02.07-01.23.17:498][351]LogBlueprintUserMessages: Late EndPlayMap Detection: Level '/Game/FirstPersonBP/Maps/FirstPersonExampleMap.FirstPersonExampleMap:PersistentLevel' has LevelScriptBlueprint '/Game/FirstPersonBP/Maps/FirstPersonExampleMap.FirstPersonExampleMap:PersistentLevel.FirstPersonExampleMap' with GeneratedClass '/Game/FirstPersonBP/Maps/FirstPersonExampleMap.FirstPersonExampleMap_C' with ClassGeneratedBy '/Game/FirstPersonBP/Maps/FirstPersonExampleMap.FirstPersonExampleMap:PersistentLevel.FirstPersonExampleMap'
[2017.02.07-01.32.31:420][199]LogTemp: Repeting last play command: Selected Viewport
[2017.02.07-01.32.31:424][199]LogBlueprintUserMessages: Early PlayInEditor Detection: Level '/Game/FirstPersonBP/Maps/FirstPersonExampleMap.FirstPersonExampleMap:PersistentLevel' has LevelScriptBlueprint '/Game/FirstPersonBP/Maps/FirstPersonExampleMap.FirstPersonExampleMap:PersistentLevel.FirstPersonExampleMap' with GeneratedClass '/Game/FirstPersonBP/Maps/FirstPersonExampleMap.FirstPersonExampleMap_C' with ClassGeneratedBy '/Game/FirstPersonBP/Maps/FirstPersonExampleMap.FirstPersonExampleMap:PersistentLevel.FirstPersonExampleMap'
[2017.02.07-01.32.31:424][199]LogPlayLevel: PlayLevel: No blueprints needed recompiling
[2017.02.07-01.32.31:425][199]OCULUS: Debug: [HMDState] Using default profile default
[2017.02.07-01.32.31:425][199]OCULUS: Info: IAD changed to 62.0mm
[2017.02.07-01.32.31:425][199]LogHMD: New ovr session is created
[2017.02.07-01.32.31:425][199]LogHMD: HMD Oculus Rift CV1, res = 2160 x 1200
[2017.02.07-01.32.31:425][199]PIE: New page: PIE session: FirstPersonExampleMap (Feb 6, 2017, 9:32:31 AM)
[2017.02.07-01.32.31:425][199]LogPlayLevel: Creating play world package: /Game/FirstPersonBP/Maps/UEDPIE_0_FirstPersonExampleMap
[2017.02.07-01.32.31:438][199]LogPlayLevel: PIE: StaticDuplicateObject took: (0.012975s)
[2017.02.07-01.32.31:438][199]LogAIModule: Creating AISystem for world FirstPersonExampleMap
[2017.02.07-01.32.31:438][199]LogPlayLevel: PIE: World Init took: (0.000671s)
[2017.02.07-01.32.31:439][199]LogPlayLevel: PIE: Created PIE world by copying editor world from /Game/FirstPersonBP/Maps/FirstPersonExampleMap.FirstPersonExampleMap to /Game/FirstPersonBP/Maps/UEDPIE_0_FirstPersonExampleMap.FirstPersonExampleMap (0.013874s)
[2017.02.07-01.32.31:464][199]LogInit: XAudio2 using 'Speakers (High Definition Audio Device)' : 2 channels at 44.1 kHz using 16 bits per sample (channel mask 0x3)
[2017.02.07-01.32.31:468][199]LogInit: FAudioDevice initialized.
[2017.02.07-01.32.31:497][199]LogLoad: Game class is 'FirstPersonGameMode_C'
[2017.02.07-01.32.31:499][199]LogWorld: Bringing World /Game/FirstPersonBP/Maps/UEDPIE_0_FirstPersonExampleMap.FirstPersonExampleMap up for play (max tick rate 0) at 2017.02.06-17.32.31
[2017.02.07-01.32.31:499][199]LogWorld: Bringing up level for play took: 0.001507
[2017.02.07-01.32.31:500][199]PIE: Info Play in editor start time for /Game/FirstPersonBP/Maps/UEDPIE_0_FirstPersonExampleMap -0.469
[2017.02.07-01.32.31:500][199]LogBlueprintUserMessages: Late PlayInEditor Detection: Level '/Game/FirstPersonBP/Maps/FirstPersonExampleMap.FirstPersonExampleMap:PersistentLevel' has LevelScriptBlueprint '/Game/FirstPersonBP/Maps/FirstPersonExampleMap.FirstPersonExampleMap:PersistentLevel.FirstPersonExampleMap' with GeneratedClass '/Game/FirstPersonBP/Maps/FirstPersonExampleMap.FirstPersonExampleMap_C' with ClassGeneratedBy '/Game/FirstPersonBP/Maps/FirstPersonExampleMap.FirstPersonExampleMap:PersistentLevel.FirstPersonExampleMap'
[2017.02.07-01.32.36:589][808]LogBlueprintUserMessages: [EscapeGameBP_49] You Escaped
[2017.02.07-01.32.36:590][808]LogBlueprintUserMessages: [FirstPersonCharacter_C_1] 3.039998
[2017.02.07-01.33.01:457][792]LogProjectileMovement:Warning: FirstPersonProjectile_C_6 is outside the world bounds!
[2017.02.07-01.33.01:815][835]LogBlueprintUserMessages: Early EndPlayMap Detection: Level '/Game/FirstPersonBP/Maps/FirstPersonExampleMap.FirstPersonExampleMap:PersistentLevel' has LevelScriptBlueprint '/Game/FirstPersonBP/Maps/FirstPersonExampleMap.FirstPersonExampleMap:PersistentLevel.FirstPersonExampleMap' with GeneratedClass '/Game/FirstPersonBP/Maps/FirstPersonExampleMap.FirstPersonExampleMap_C' with ClassGeneratedBy '/Game/FirstPersonBP/Maps/FirstPersonExampleMap.FirstPersonExampleMap:PersistentLevel.FirstPersonExampleMap'
[2017.02.07-01.33.01:816][835]LogHMD: Destroying ovr session
[2017.02.07-01.33.01:847][835]LogBlueprintUserMessages: Late EndPlayMap Detection: Level '/Game/FirstPersonBP/Maps/FirstPersonExampleMap.FirstPersonExampleMap:PersistentLevel' has LevelScriptBlueprint '/Game/FirstPersonBP/Maps/FirstPersonExampleMap.FirstPersonExampleMap:PersistentLevel.FirstPersonExampleMap' with GeneratedClass '/Game/FirstPersonBP/Maps/FirstPersonExampleMap.FirstPersonExampleMap_C' with ClassGeneratedBy '/Game/FirstPersonBP/Maps/FirstPersonExampleMap.FirstPersonExampleMap:PersistentLevel.FirstPersonExampleMap'
[2017.02.07-01.47.26:980][289]LogEditorViewport: Clicking on Actor (context menu): StaticMeshActor (EditorCube19)
[2017.02.07-01.47.30:465][687]LogTemp: Repeting last play command: Selected Viewport
[2017.02.07-01.47.30:470][687]LogBlueprintUserMessages: Early PlayInEditor Detection: Level '/Game/FirstPersonBP/Maps/FirstPersonExampleMap.FirstPersonExampleMap:PersistentLevel' has LevelScriptBlueprint '/Game/FirstPersonBP/Maps/FirstPersonExampleMap.FirstPersonExampleMap:PersistentLevel.FirstPersonExampleMap' with GeneratedClass '/Game/FirstPersonBP/Maps/FirstPersonExampleMap.FirstPersonExampleMap_C' with ClassGeneratedBy '/Game/FirstPersonBP/Maps/FirstPersonExampleMap.FirstPersonExampleMap:PersistentLevel.FirstPersonExampleMap'
[2017.02.07-01.47.30:470][687]LogPlayLevel: PlayLevel: No blueprints needed recompiling
[2017.02.07-01.47.30:470][687]OCULUS: Debug: [HMDState] Using default profile default
[2017.02.07-01.47.30:471][687]OCULUS: Info: IAD changed to 62.0mm
[2017.02.07-01.47.30:471][687]LogHMD: New ovr session is created
[2017.02.07-01.47.30:471][687]LogHMD: HMD Oculus Rift CV1, res = 2160 x 1200
[2017.02.07-01.47.30:471][687]PIE: New page: PIE session: FirstPersonExampleMap (Feb 6, 2017, 9:47:30 AM)
[2017.02.07-01.47.30:471][687]LogPlayLevel: Creating play world package: /Game/FirstPersonBP/Maps/UEDPIE_0_FirstPersonExampleMap
[2017.02.07-01.47.30:485][687]LogPlayLevel: PIE: StaticDuplicateObject took: (0.013803s)
[2017.02.07-01.47.30:485][687]LogAIModule: Creating AISystem for world FirstPersonExampleMap
[2017.02.07-01.47.30:485][687]LogPlayLevel: PIE: World Init took: (0.000601s)
[2017.02.07-01.47.30:485][687]LogPlayLevel: PIE: Created PIE world by copying editor world from /Game/FirstPersonBP/Maps/FirstPersonExampleMap.FirstPersonExampleMap to /Game/FirstPersonBP/Maps/UEDPIE_0_FirstPersonExampleMap.FirstPersonExampleMap (0.014553s)
[2017.02.07-01.47.30:509][687]LogInit: XAudio2 using 'Speakers (High Definition Audio Device)' : 2 channels at 44.1 kHz using 16 bits per sample (channel mask 0x3)
[2017.02.07-01.47.30:514][687]LogInit: FAudioDevice initialized.
[2017.02.07-01.47.30:539][687]LogLoad: Game class is 'FirstPersonGameMode_C'
[2017.02.07-01.47.30:541][687]LogWorld: Bringing World /Game/FirstPersonBP/Maps/UEDPIE_0_FirstPersonExampleMap.FirstPersonExampleMap up for play (max tick rate 0) at 2017.02.06-17.47.30
[2017.02.07-01.47.30:542][687]LogWorld: Bringing up level for play took: 0.001575
[2017.02.07-01.47.30:543][687]PIE: Info Play in editor start time for /Game/FirstPersonBP/Maps/UEDPIE_0_FirstPersonExampleMap 0.573
[2017.02.07-01.47.30:543][687]LogBlueprintUserMessages: Late PlayInEditor Detection: Level '/Game/FirstPersonBP/Maps/FirstPersonExampleMap.FirstPersonExampleMap:PersistentLevel' has LevelScriptBlueprint '/Game/FirstPersonBP/Maps/FirstPersonExampleMap.FirstPersonExampleMap:PersistentLevel.FirstPersonExampleMap' with GeneratedClass '/Game/FirstPersonBP/Maps/FirstPersonExampleMap.FirstPersonExampleMap_C' with ClassGeneratedBy '/Game/FirstPersonBP/Maps/FirstPersonExampleMap.FirstPersonExampleMap:PersistentLevel.FirstPersonExampleMap'
[2017.02.07-01.47.38:342][621]LogBlueprintUserMessages: Early EndPlayMap Detection: Level '/Game/FirstPersonBP/Maps/FirstPersonExampleMap.FirstPersonExampleMap:PersistentLevel' has LevelScriptBlueprint '/Game/FirstPersonBP/Maps/FirstPersonExampleMap.FirstPersonExampleMap:PersistentLevel.FirstPersonExampleMap' with GeneratedClass '/Game/FirstPersonBP/Maps/FirstPersonExampleMap.FirstPersonExampleMap_C' with ClassGeneratedBy '/Game/FirstPersonBP/Maps/FirstPersonExampleMap.FirstPersonExampleMap:PersistentLevel.FirstPersonExampleMap'
[2017.02.07-01.47.38:343][621]LogHMD: Destroying ovr session
[2017.02.07-01.47.38:381][621]LogBlueprintUserMessages: Late EndPlayMap Detection: Level '/Game/FirstPersonBP/Maps/FirstPersonExampleMap.FirstPersonExampleMap:PersistentLevel' has LevelScriptBlueprint '/Game/FirstPersonBP/Maps/FirstPersonExampleMap.FirstPersonExampleMap:PersistentLevel.FirstPersonExampleMap' with GeneratedClass '/Game/FirstPersonBP/Maps/FirstPersonExampleMap.FirstPersonExampleMap_C' with ClassGeneratedBy '/Game/FirstPersonBP/Maps/FirstPersonExampleMap.FirstPersonExampleMap:PersistentLevel.FirstPersonExampleMap'
[2017.02.07-01.48.54:530][ 18]LogEditorViewport: Clicking on Actor (context menu): StaticMeshActor (Floor)
[2017.02.07-01.49.10:306][860]LogEditorViewport: Clicking on Actor (LMB): TextRenderActor (TemplateLabel)
[2017.02.07-01.49.32:822][539]LogSavePackage: Save=75.25ms
[2017.02.07-01.49.32:822][539]LogSavePackage: Moving '../../../../../../Users/pjlos/Documents/Unreal Projects/SurviveThis-UnrealEngine/Saved/FirstPersonExampleMapAC52724548F31A3ACB6C61BCD59558EB.tmp' to '../../../../../../Users/pjlos/Documents/Unreal Projects/SurviveThis-UnrealEngine/Content/FirstPersonBP/Maps/FirstPersonExampleMap.umap'
[2017.02.07-01.49.32:826][539]LogSavePackage:Display: Finished SavePackage ../../../../../../Users/pjlos/Documents/Unreal Projects/SurviveThis-UnrealEngine/Content/FirstPersonBP/Maps/FirstPersonExampleMap.umap
[2017.02.07-01.49.33:819][539]LogSavePackage: Save=945.30ms
[2017.02.07-01.49.33:819][539]LogSavePackage: Moving '../../../../../../Users/pjlos/Documents/Unreal Projects/SurviveThis-UnrealEngine/Saved/FirstPersonExampleMap_BuiltData202253BA4182E94C8233B497A913E53D.tmp' to '../../../../../../Users/pjlos/Documents/Unreal Projects/SurviveThis-UnrealEngine/Content/FirstPersonBP/Maps/FirstPersonExampleMap_BuiltData.uasset'
[2017.02.07-01.49.33:824][539]LogSavePackage:Display: Finished SavePackage ../../../../../../Users/pjlos/Documents/Unreal Projects/SurviveThis-UnrealEngine/Content/FirstPersonBP/Maps/FirstPersonExampleMap_BuiltData.uasset
[2017.02.07-01.49.42:609][578]SourceControl: Info On branch master
[2017.02.07-01.49.42:609][578]SourceControl: Info Your branch is up-to-date with 'origin/master'.
[2017.02.07-01.49.42:609][578]SourceControl: Info Changes not staged for commit:
[2017.02.07-01.49.42:609][578]SourceControl: Info   (use "git add <file>..." to update what will be committed)
[2017.02.07-01.49.42:609][578]SourceControl: Info   (use "git checkout -- <file>..." to discard changes in working directory)
[2017.02.07-01.49.42:609][578]SourceControl: Info 	modified:   Content/FirstPersonBP/Maps/FirstPersonExampleMap.umap
[2017.02.07-01.49.42:609][578]SourceControl: Info 	modified:   Content/FirstPersonBP/Maps/FirstPersonExampleMap_BuiltData.uasset
[2017.02.07-01.49.42:609][578]SourceControl: Info 	modified:   Intermediate/CachedAssetRegistry.bin
[2017.02.07-01.49.42:609][578]SourceControl: Info 	modified:   Saved/Autosaves/PackageRestoreData.json
[2017.02.07-01.49.42:609][578]SourceControl: Info 	modified:   Saved/Config/Windows/Editor.ini
[2017.02.07-01.49.42:609][578]SourceControl: Info 	modified:   Saved/Config/Windows/EditorPerProjectUserSettings.ini
[2017.02.07-01.49.42:609][578]SourceControl: Info 	modified:   Saved/Logs/SurviveThis.log
[2017.02.07-01.49.42:609][578]SourceControl: Info Untracked files:
[2017.02.07-01.49.42:609][578]SourceControl: Info   (use "git add <file>..." to include in what will be committed)
[2017.02.07-01.49.42:609][578]SourceControl: Info 	Saved/Backup/FirstPersonExampleMap_2017-02-06-17-49-32.umap
[2017.02.07-01.49.42:610][578]SourceControl: Info 	Saved/Backup/FirstPersonExampleMap_BuiltData_2017-02-06-17-49-32.uasset
[2017.02.07-01.49.42:610][578]SourceControl: Info 	Saved/Logs/SurviveThis-backup-2017.02.06-17.22.16.log
[2017.02.07-01.49.42:610][578]SourceControl: Info 	Saved/Logs/UE4CC-Windows-E4E8D44248D13D263AB291875DE32B59/
[2017.02.07-01.49.42:610][578]SourceControl: Info no changes added to commit (use "git add" and/or "git commit -a")
[2017.02.07-02.08.16:897][837]SourceControl: Info fatal: C:/Program Files/Epic Games/UE_4.14/Engine/Content/: 'C:/Program Files/Epic Games/UE_4.14/Engine/Content/' is outside repository
[2017.02.07-02.08.16:974][837]LogPackageName:Error: Illegal call to DoesPackageExist: '../../../../../../Users/pjlos/Documents/Unreal Projects/SurviveThis-UnrealEngine/SurviveThis.uproject' is not a standard unreal filename or a long path name. Reason: Path should be no less than 4 characters long.
[2017.02.07-02.08.16:977][837]LogStats: FPlatformStackWalk::StackWalkAndDump -  0.003 s
[2017.02.07-02.08.16:977][837]LogOutputDevice:Error: === Handled ensure: ===
[2017.02.07-02.08.16:977][837]LogOutputDevice:Error: 
[2017.02.07-02.08.16:977][837]LogOutputDevice:Error: Ensure condition failed: false [File:D:\Build\++UE4+Release-4.14+Compile\Sync\Engine\Source\Runtime\CoreUObject\Private\Misc\PackageName.cpp] [Line: 624]
[2017.02.07-02.08.16:977][837]LogOutputDevice:Error: Illegal call to DoesPackageExist: '../../../../../../Users/pjlos/Documents/Unreal Projects/SurviveThis-UnrealEngine/SurviveThis.uproject' is not a standard unreal filename or a long path name. Reason: Path should be no less than 4 characters long.
[2017.02.07-02.08.16:977][837]LogOutputDevice:Error: Stack: 
[2017.02.07-02.08.16:977][837]LogOutputDevice:Error: 
[2017.02.07-02.08.16:977][837]LogOutputDevice:Error: 
[2017.02.07-02.08.16:977][837]LogOutputDevice:Error: 
[2017.02.07-02.08.16:977][837]LogOutputDevice:Error: 
[2017.02.07-02.08.16:977][837]LogOutputDevice:Error: 
[2017.02.07-02.08.16:977][837]LogOutputDevice:Error: 
[2017.02.07-02.08.16:977][837]LogOutputDevice:Error: 
[2017.02.07-02.08.16:977][837]LogOutputDevice:Error: 
[2017.02.07-02.08.16:977][837]LogOutputDevice:Error: 
[2017.02.07-02.08.16:977][837]LogOutputDevice:Error: 
[2017.02.07-02.08.16:977][837]LogOutputDevice:Error: 
[2017.02.07-02.08.16:977][837]LogOutputDevice:Error: 
[2017.02.07-02.08.16:977][837]LogOutputDevice:Error: 
[2017.02.07-02.08.16:977][837]LogOutputDevice:Error: 
[2017.02.07-02.08.16:977][837]LogOutputDevice:Error: 
[2017.02.07-02.08.16:977][837]LogOutputDevice:Error: 
[2017.02.07-02.08.16:977][837]LogOutputDevice:Error: 
[2017.02.07-02.08.16:977][837]LogOutputDevice:Error: 
[2017.02.07-02.08.16:978][837]LogOutputDevice:Error: 
[2017.02.07-02.08.16:978][837]LogOutputDevice:Error: 
[2017.02.07-02.08.16:978][837]LogOutputDevice:Error: 
[2017.02.07-02.08.16:978][837]LogOutputDevice:Error: 
[2017.02.07-02.08.16:978][837]LogOutputDevice:Error: 
[2017.02.07-02.08.16:979][837]LogStats:                SubmitErrorReport -  0.000 s
